0 info it worked if it ends with ok
1 verbose cli [ 'C:\\Program Files (x86)\\NodeJS\\node.exe',
1 verbose cli   'C:\\Program Files (x86)\\NodeJS\\node_modules\\npm\\bin\\npm-cli.js',
1 verbose cli   'install',
1 verbose cli   '@alejandrdiaz/ull-shape-alejandrdiaz',
1 verbose cli   '--save' ]
2 info using npm@3.10.8
3 info using node@v6.9.1
4 silly loadCurrentTree Starting
5 silly install loadCurrentTree
6 silly install readLocalPackageData
7 silly fetchPackageMetaData @alejandrdiaz/ull-shape-alejandrdiaz
8 silly fetchNamedPackageData @alejandrdiaz/ull-shape-alejandrdiaz
9 silly mapToRegistry name @alejandrdiaz/ull-shape-alejandrdiaz
10 silly mapToRegistry scope (from package name) @alejandrdiaz
11 verbose mapToRegistry no registry URL found in name for scope @alejandrdiaz
12 silly mapToRegistry using default registry
13 silly mapToRegistry registry https://registry.npmjs.org/
14 silly mapToRegistry data Result {
14 silly mapToRegistry   raw: '@alejandrdiaz/ull-shape-alejandrdiaz',
14 silly mapToRegistry   scope: '@alejandrdiaz',
14 silly mapToRegistry   escapedName: '@alejandrdiaz%2full-shape-alejandrdiaz',
14 silly mapToRegistry   name: '@alejandrdiaz/ull-shape-alejandrdiaz',
14 silly mapToRegistry   rawSpec: '',
14 silly mapToRegistry   spec: 'latest',
14 silly mapToRegistry   type: 'tag' }
15 silly mapToRegistry uri https://registry.npmjs.org/@alejandrdiaz%2full-shape-alejandrdiaz
16 verbose request uri https://registry.npmjs.org/@alejandrdiaz%2full-shape-alejandrdiaz
17 verbose request no auth needed
18 info attempt registry request try #1 at 11:28:49
19 verbose request using bearer token for auth
20 verbose request id e6897fa7cc155316
21 http request GET https://registry.npmjs.org/@alejandrdiaz%2full-shape-alejandrdiaz
22 http 200 https://registry.npmjs.org/@alejandrdiaz%2full-shape-alejandrdiaz
23 verbose headers { 'content-type': 'application/json',
23 verbose headers   server: 'nginx/1.10.1',
23 verbose headers   'last-modified': 'Mon, 24 Apr 2017 10:10:49 GMT',
23 verbose headers   etag: 'W/"58fdcf29-798"',
23 verbose headers   'content-encoding': 'gzip',
23 verbose headers   'cache-control': 'max-age=0',
23 verbose headers   'transfer-encoding': 'chunked',
23 verbose headers   'accept-ranges': 'bytes',
23 verbose headers   date: 'Mon, 24 Apr 2017 10:28:51 GMT',
23 verbose headers   via: '1.1 varnish',
23 verbose headers   connection: 'keep-alive',
23 verbose headers   'x-served-by': 'cache-mad9431-MAD',
23 verbose headers   'x-cache': 'MISS',
23 verbose headers   'x-cache-hits': '0',
23 verbose headers   'x-timer': 'S1493029731.064672,VS0,VE536',
23 verbose headers   vary: 'Accept-Encoding' }
24 silly get cb [ 200,
24 silly get   { 'content-type': 'application/json',
24 silly get     server: 'nginx/1.10.1',
24 silly get     'last-modified': 'Mon, 24 Apr 2017 10:10:49 GMT',
24 silly get     etag: 'W/"58fdcf29-798"',
24 silly get     'content-encoding': 'gzip',
24 silly get     'cache-control': 'max-age=0',
24 silly get     'transfer-encoding': 'chunked',
24 silly get     'accept-ranges': 'bytes',
24 silly get     date: 'Mon, 24 Apr 2017 10:28:51 GMT',
24 silly get     via: '1.1 varnish',
24 silly get     connection: 'keep-alive',
24 silly get     'x-served-by': 'cache-mad9431-MAD',
24 silly get     'x-cache': 'MISS',
24 silly get     'x-cache-hits': '0',
24 silly get     'x-timer': 'S1493029731.064672,VS0,VE536',
24 silly get     vary: 'Accept-Encoding' } ]
25 verbose get saving @alejandrdiaz/ull-shape-alejandrdiaz to C:\Users\Alejandro\AppData\Roaming\npm-cache\registry.npmjs.org\_40alejandrdiaz_252full-shape-alejandrdiaz\.cache.json
26 verbose correctMkdir C:\Users\Alejandro\AppData\Roaming\npm-cache correctMkdir not in flight; initializing
27 silly install normalizeTree
28 silly loadCurrentTree Finishing
29 silly loadIdealTree Starting
30 silly install loadIdealTree
31 silly cloneCurrentTree Starting
32 silly install cloneCurrentTreeToIdealTree
33 silly cloneCurrentTree Finishing
34 silly loadShrinkwrap Starting
35 silly install loadShrinkwrap
36 silly loadShrinkwrap Finishing
37 silly loadAllDepsIntoIdealTree Starting
38 silly install loadAllDepsIntoIdealTree
39 silly rollbackFailedOptional Starting
40 silly rollbackFailedOptional Finishing
41 silly runTopLevelLifecycles Finishing
42 silly install printInstalled
43 verbose stack Error: Refusing to install @alejandrdiaz/ull-shape-alejandrdiaz as a dependency of itself
43 verbose stack     at checkSelf (C:\Program Files (x86)\NodeJS\node_modules\npm\lib\install\validate-args.js:53:14)
43 verbose stack     at Array.<anonymous> (C:\Program Files (x86)\NodeJS\node_modules\npm\node_modules\slide\lib\bind-actor.js:15:8)
43 verbose stack     at LOOP (C:\Program Files (x86)\NodeJS\node_modules\npm\node_modules\slide\lib\chain.js:15:14)
43 verbose stack     at chain (C:\Program Files (x86)\NodeJS\node_modules\npm\node_modules\slide\lib\chain.js:20:5)
43 verbose stack     at C:\Program Files (x86)\NodeJS\node_modules\npm\lib\install\validate-args.js:16:5
43 verbose stack     at C:\Program Files (x86)\NodeJS\node_modules\npm\node_modules\slide\lib\async-map.js:52:35
43 verbose stack     at Array.forEach (native)
43 verbose stack     at C:\Program Files (x86)\NodeJS\node_modules\npm\node_modules\slide\lib\async-map.js:52:11
43 verbose stack     at Array.forEach (native)
43 verbose stack     at asyncMap (C:\Program Files (x86)\NodeJS\node_modules\npm\node_modules\slide\lib\async-map.js:51:8)
44 verbose cwd C:\Users\Alejandro\Documents\DSI\ull-shape-rectangle-alejandrdiaz
45 error Windows_NT 10.0.14393
46 error argv "C:\\Program Files (x86)\\NodeJS\\node.exe" "C:\\Program Files (x86)\\NodeJS\\node_modules\\npm\\bin\\npm-cli.js" "install" "@alejandrdiaz/ull-shape-alejandrdiaz" "--save"
47 error node v6.9.1
48 error npm  v3.10.8
49 error code ENOSELF
50 error Refusing to install @alejandrdiaz/ull-shape-alejandrdiaz as a dependency of itself
51 error If you need help, you may report this error at:
51 error     <https://github.com/npm/npm/issues>
52 verbose exit [ 1, true ]
